2025-04-19 18:40:49,652 - __main__ - INFO - Treinando modelo Random Forest
2025-04-19 18:40:53,186 - __main__ - INFO - Avaliação do modelo
2025-04-19 18:40:53,199 - __main__ - INFO - 
              precision    recall  f1-score   support

           0       0.98      0.97      0.97      4546
           1       0.94      0.95      0.94      1973

    accuracy                           0.96      6519
   macro avg       0.96      0.96      0.96      6519
weighted avg       0.96      0.96      0.96      6519

2025-04-19 18:40:53,242 - __main__ - INFO -  Modelo e pipeline salvos em 'model/'
2025-04-19 18:41:57,170 - __main__ - INFO - Construindo pipeline de pré-processamento...
2025-04-19 18:41:57,353 - __main__ - INFO - Separando conjunto de treino e teste...
2025-04-19 18:41:57,366 - __main__ - INFO - Treinando modelo Random Forest
2025-04-19 18:42:00,724 - __main__ - INFO - Avaliação do modelo
2025-04-19 18:42:00,734 - __main__ - INFO - 
              precision    recall  f1-score   support

           0       0.98      0.97      0.97      4546
           1       0.94      0.95      0.94      1973

    accuracy                           0.96      6519
   macro avg       0.96      0.96      0.96      6519
weighted avg       0.96      0.96      0.96      6519

2025-04-19 18:42:00,785 - __main__ - INFO -  Modelo e pipeline salvos em 'model/'
2025-04-19 18:42:25,821 - __main__ - INFO - Construindo pipeline de pré-processamento...
2025-04-19 18:42:25,992 - __main__ - INFO - Separando conjunto de treino e teste...
2025-04-19 18:42:26,008 - __main__ - INFO - Treinando modelo Random Forest
2025-04-19 18:42:29,081 - __main__ - INFO - Avaliação do modelo
2025-04-19 18:42:29,081 - __main__ - INFO - 
              precision    recall  f1-score   support

           0       0.98      0.97      0.97      4546
           1       0.94      0.95      0.94      1973

    accuracy                           0.96      6519
   macro avg       0.96      0.96      0.96      6519
weighted avg       0.96      0.96      0.96      6519

2025-04-19 18:42:29,150 - __main__ - INFO -  Modelo e pipeline salvos em 'model/'
2025-04-19 18:44:22,263 - __main__ - INFO - Construindo pipeline de pré-processamento...
2025-04-19 18:44:22,462 - __main__ - INFO - Separando conjunto de treino e teste...
2025-04-19 18:44:22,474 - __main__ - INFO - Treinando modelo Random Forest...
2025-04-19 18:44:26,052 - __main__ - INFO - Avaliação do modelo:
2025-04-19 18:44:26,061 - __main__ - INFO - 
              precision    recall  f1-score   support

           0       0.98      0.97      0.97      4546
           1       0.94      0.95      0.94      1973

    accuracy                           0.96      6519
   macro avg       0.96      0.96      0.96      6519
weighted avg       0.96      0.96      0.96      6519

2025-04-19 18:44:26,108 - __main__ - INFO - Modelo e pipeline salvos em 'model/'
2025-04-19 18:47:46,606 - __main__ - INFO - Iniciando pipeline completa...
2025-04-19 18:47:56,222 - __main__ - INFO - Construindo pipeline de pré-processamento...
2025-04-19 18:47:56,399 - __main__ - INFO - Separando conjunto de treino e teste...
2025-04-19 18:47:56,412 - __main__ - INFO - Treinando modelo Random Forest...
2025-04-19 18:47:59,859 - __main__ - INFO - Avaliação do modelo:
2025-04-19 18:47:59,866 - __main__ - INFO - 
              precision    recall  f1-score   support

           0       0.98      0.97      0.97      4546
           1       0.94      0.95      0.94      1973

    accuracy                           0.96      6519
   macro avg       0.96      0.96      0.96      6519
weighted avg       0.96      0.96      0.96      6519

2025-04-19 18:47:59,915 - __main__ - INFO - Modelo e pipeline salvos em 'model/'
